# Logfile created on 2021-11-04 12:49:24 +0300 by logger.rb/v1.4.2
I, [2021-11-04T12:50:51.007341 #429615]  INFO -- : 
    Request: GET /tests/qqq/questions/3
    Handler: 
    Parameters: 
    Response: 404 [text/html; charset=utf-8] 
    ------------------------------------------------------
I, [2021-11-04T12:55:52.875783 #438475]  INFO -- : 
    Request: GET /tests/qqq/questions/3
    Handler: TestsController#index
    Parameters: {:test_id=>0, :id=>3}
    Response: 200 [text/plain; charset=utf-8] tests/index.html.erb
    ------------------------------------------------------
I, [2021-11-04T12:55:52.947091 #438475]  INFO -- : 
    Request: GET /favicon.ico
    Handler: 
    Parameters: 
    Response: 404 [text/html; charset=utf-8] 
    ------------------------------------------------------
I, [2021-11-04T13:04:35.015955 #453669]  INFO -- : 
    Request: GET /tests/qqq/questions/3
    Handler: TestsController#index
    Parameters: {:test_id=>0, :id=>3}
    Response: 200 [text/plain; charset=utf-8] tests/index.html.erb
    ------------------------------------------------------
I, [2021-11-04T13:04:35.118552 #453669]  INFO -- : 
    Request: GET /favicon.ico
    Handler: 
    Parameters: 
    Response: 404 [text/html; charset=utf-8] 
    ------------------------------------------------------
I, [2021-11-04T13:04:35.841380 #453669]  INFO -- : 
    Request: GET /tests/qqq/questions/3
    Handler: TestsController#index
    Parameters: {:test_id=>0, :id=>3}
    Response: 200 [text/plain; charset=utf-8] tests/index.html.erb
    ------------------------------------------------------
I, [2021-11-04T13:04:36.289295 #453669]  INFO -- : 
    Request: GET /tests/qqq/questions/3
    Handler: TestsController#index
    Parameters: {:test_id=>0, :id=>3}
    Response: 200 [text/plain; charset=utf-8] tests/index.html.erb
    ------------------------------------------------------
I, [2021-11-04T13:06:50.159622 #457602]  INFO -- : 
    Request: GET /tests/qqq/questions/3
    Handler: TestsController#index
    Parameters: {:test_id=>0, :id=>3}
    Response: 200 [text/plain; charset=utf-8] tests/index.html.erb
    ------------------------------------------------------
I, [2021-11-04T13:07:20.008062 #458433]  INFO -- : 
    Request: GET /tests/qqq/questions/3
    Handler: TestsController#index
    Parameters: {:test_id=>0, :id=>3}
    Response: 200 [text/plain; charset=utf-8] tests/index.html.erb
    ------------------------------------------------------
I, [2021-11-04T13:09:06.971687 #461583]  INFO -- : 
    Request: GET /tests/qqq/questions/3
    Handler: TestsController#index
    Parameters: {:test_id=>0, :id=>3}
    Response: 200 [text/plain; charset=utf-8] 
    ------------------------------------------------------
I, [2021-11-04T13:09:12.347983 #461583]  INFO -- : 
    Request: GET /tests/24/questions/3
    Handler: TestsController#index
    Parameters: {:test_id=>24, :id=>3}
    Response: 200 [text/plain; charset=utf-8] 
    ------------------------------------------------------
I, [2021-11-04T13:09:24.335507 #461583]  INFO -- : 
    Request: GET /tests/24
    Handler: TestsController#show
    Parameters: {:id=>24}
    Response: 200 [text/plain; charset=utf-8] 
    ------------------------------------------------------
I, [2021-11-04T13:09:47.728571 #462735]  INFO -- : 
    Request: GET /tests/24
    Handler: TestsController#show
    Parameters: {:id=>24}
    Response: 201 [text/plain; charset=utf-8] 
    ------------------------------------------------------
I, [2021-11-04T13:11:26.823794 #465687]  INFO -- : 
    Request: GET /tests/24
    Handler: TestsController#show
    Parameters: {:id=>24}
    Response: 201 [text/plain; charset=utf-8] 
    ------------------------------------------------------
I, [2021-11-04T13:11:52.595817 #466497]  INFO -- : 
    Request: GET /tests/24
    Handler: TestsController#show
    Parameters: {:id=>24}
    Response: 201 [text/plain; charset=utf-8] 
    ------------------------------------------------------
I, [2021-11-04T13:12:06.575647 #466497]  INFO -- : 
    Request: GET /tests/24
    Handler: TestsController#show
    Parameters: {:id=>24}
    Response: 201 [text/plain; charset=utf-8] 
    ------------------------------------------------------
I, [2021-11-04T13:15:17.096310 #472340]  INFO -- : 
    Request: GET /tests/24
    Handler: TestsController#show
    Parameters: {:id=>24}
    Response: 201 [text/plain; charset=utf-8] 
    ------------------------------------------------------
I, [2021-11-04T13:15:27.405303 #472340]  INFO -- : 
    Request: GET /tests/24
    Handler: TestsController#show
    Parameters: {:id=>24}
    Response: 201 [text/plain; charset=utf-8] 
    ------------------------------------------------------
I, [2021-11-04T13:15:29.242243 #472340]  INFO -- : 
    Request: GET /tests/24
    Handler: TestsController#show
    Parameters: {:id=>24}
    Response: 201 [text/plain; charset=utf-8] 
    ------------------------------------------------------
I, [2021-11-04T13:15:29.885253 #472340]  INFO -- : 
    Request: GET /tests/24
    Handler: TestsController#show
    Parameters: {:id=>24}
    Response: 201 [text/plain; charset=utf-8] 
    ------------------------------------------------------
I, [2021-11-04T13:15:35.133292 #472340]  INFO -- : 
    Request: GET /tests/24
    Handler: TestsController#show
    Parameters: {:id=>24}
    Response: 201 [text/plain; charset=utf-8] 
    ------------------------------------------------------
I, [2021-11-04T13:17:01.537418 #475334]  INFO -- : 
    Request: GET /tests/24
    Handler: TestsController#show
    Parameters: {:id=>24}
    Response: 201 [text/plain; charset=utf-8] 
    ------------------------------------------------------
I, [2021-11-04T13:21:49.693018 #483534]  INFO -- : 
    Request: GET /favicon.ico
    Handler: 
    Parameters: 
    Response: 404 [text/html; charset=utf-8] 
    ------------------------------------------------------
I, [2021-11-04T13:23:29.126562 #486385]  INFO -- : 
    Request: GET /tests/24
    Handler: TestsController#show
    Parameters: {:id=>24}
    Response: 201 [text/plain; charset=utf-8] 
    ------------------------------------------------------
I, [2021-11-04T13:23:29.218145 #486385]  INFO -- : 
    Request: GET /favicon.ico
    Handler: 
    Parameters: 
    Response: 404 [text/html; charset=utf-8] 
    ------------------------------------------------------
I, [2021-11-04T13:23:44.000436 #486818]  INFO -- : 
    Request: GET /tests/24
    Handler: TestsController#show
    Parameters: {:id=>24}
    Response: 201 [text/plain; charset=utf-8] 
    ------------------------------------------------------
I, [2021-11-04T13:25:27.610678 #489700]  INFO -- : 
    Request: GET /tests/24
    Handler: TestsController#show
    Parameters: {:id=>24}
    Response: 201 [text/plain; charset=utf-8] 
    ------------------------------------------------------
I, [2021-11-04T13:25:27.704229 #489700]  INFO -- : 
    Request: GET /favicon.ico
    Handler: 
    Parameters: 
    Response: 404 [text/html; charset=utf-8] 
    ------------------------------------------------------
I, [2021-11-04T13:25:38.384179 #489700]  INFO -- : 
    Request: GET /tests/24
    Handler: TestsController#show
    Parameters: {:id=>24}
    Response: 201 [text/plain; charset=utf-8] 
    ------------------------------------------------------
I, [2021-11-04T13:25:38.460897 #489700]  INFO -- : 
    Request: GET /favicon.ico
    Handler: 
    Parameters: 
    Response: 404 [text/html; charset=utf-8] 
    ------------------------------------------------------
I, [2021-11-04T13:25:52.591544 #490419]  INFO -- : 
    Request: GET /tests/24
    Handler: TestsController#show
    Parameters: {:id=>24}
    Response: 201 [text/plain; charset=utf-8] 
    ------------------------------------------------------
I, [2021-11-04T13:27:22.214989 #492934]  INFO -- : 
    Request: GET /tests/24
    Handler: TestsController#show
    Parameters: {:id=>24}
    Response: 201 [all: {"Content-Type"=>"text/plain; charset=utf-8", "Content-Language"=>"en", "Content-Length"=>"32"}; text/plain; charset=utf-8] 
    ------------------------------------------------------
I, [2021-11-04T13:27:22.278975 #492934]  INFO -- : 
    Request: GET /favicon.ico
    Handler: 
    Parameters: 
    Response: 404 [all: {"Content-Type"=>"text/html; charset=utf-8"}; text/html; charset=utf-8] 
    ------------------------------------------------------
I, [2021-11-04T13:27:52.086834 #493796]  INFO -- : 
    Request: GET /tests/24
    Handler: TestsController#show
    Parameters: {:id=>24}
    Response: 201 [text/plain; charset=utf-8] 
    ------------------------------------------------------
I, [2021-11-04T13:28:55.083930 #494449]  INFO -- : 
    Request: GET /tests/24/questions/23
    Handler: TestsController#index
    Parameters: {:test_id=>24, :id=>23}
    Response: 200 [text/plain; charset=utf-8] 
    ------------------------------------------------------
I, [2021-11-04T13:29:20.257111 #494449]  INFO -- : 
    Request: GET /tests/24/questionss
    Handler: 
    Parameters: 
    Response: 404 [text/html; charset=utf-8] 